<?xml version="1.0" encoding="UTF-8"?>
<testng-results skipped="0" failed="0" ignored="0" total="2" passed="2">
  <reporter-output>
  </reporter-output>
  <suite name="Suite" duration-ms="108" started-at="2017-01-26T13:25:06Z" finished-at="2017-01-26T13:25:06Z">
    <groups>
    </groups>
    <test name="Test" duration-ms="108" started-at="2017-01-26T13:25:06Z" finished-at="2017-01-26T13:25:06Z">
      <class name="maven.jenkins.TestJenkins">
        <test-method status="PASS" signature="beforeMethod()[pri:0, instance:maven.jenkins.TestJenkins@159c4b8]" name="beforeMethod" is-config="true" duration-ms="21" started-at="2017-01-26T18:55:06Z" finished-at="2017-01-26T18:55:06Z">
          <reporter-output>
          </reporter-output>
        </test-method> <!-- beforeMethod -->
        <test-method status="PASS" signature="f()[pri:0, instance:maven.jenkins.TestJenkins@159c4b8]" name="f" duration-ms="11" started-at="2017-01-26T18:55:06Z" finished-at="2017-01-26T18:55:06Z">
          <reporter-output>
          </reporter-output>
        </test-method> <!-- f -->
        <test-method status="PASS" signature="afterMethod()[pri:0, instance:maven.jenkins.TestJenkins@159c4b8]" name="afterMethod" is-config="true" duration-ms="1" started-at="2017-01-26T18:55:06Z" finished-at="2017-01-26T18:55:06Z">
          <reporter-output>
          </reporter-output>
        </test-method> <!-- afterMethod -->
      </class> <!-- maven.jenkins.TestJenkins -->
    </test> <!-- Test -->
  </suite> <!-- Suite -->
  <suite name="Suite (0)" duration-ms="9" started-at="2017-01-26T13:25:06Z" finished-at="2017-01-26T13:25:06Z">
    <groups>
    </groups>
    <test name="Test" duration-ms="9" started-at="2017-01-26T13:25:06Z" finished-at="2017-01-26T13:25:06Z">
      <class name="maven.jenkins.TestJenkins">
        <test-method status="PASS" signature="f()[pri:0, instance:maven.jenkins.TestJenkins@67c67e]" name="f" duration-ms="1" started-at="2017-01-26T18:55:06Z" finished-at="2017-01-26T18:55:06Z">
          <reporter-output>
          </reporter-output>
        </test-method> <!-- f -->
        <test-method status="PASS" signature="beforeMethod()[pri:0, instance:maven.jenkins.TestJenkins@67c67e]" name="beforeMethod" is-config="true" duration-ms="0" started-at="2017-01-26T18:55:06Z" finished-at="2017-01-26T18:55:06Z">
          <reporter-output>
          </reporter-output>
        </test-method> <!-- beforeMethod -->
        <test-method status="PASS" signature="afterMethod()[pri:0, instance:maven.jenkins.TestJenkins@67c67e]" name="afterMethod" is-config="true" duration-ms="0" started-at="2017-01-26T18:55:06Z" finished-at="2017-01-26T18:55:06Z">
          <reporter-output>
          </reporter-output>
        </test-method> <!-- afterMethod -->
      </class> <!-- maven.jenkins.TestJenkins -->
    </test> <!-- Test -->
  </suite> <!-- Suite (0) -->
</testng-results>
